<?xml version="1.0" encoding="UTF-8"?><testsuite errors="2" failures="0" name="com.bestbuy.crudtest.CategoriesCRUDTest" skipped="0" tests="3" time="3.35" timestamp="2020-06-10T21:25:35.492+01:00[Europe/London]"><testcase classname="com.bestbuy.crudtest.CategoriesCRUDTest" name="This test will create a new category"/><testcase classname="com.bestbuy.crudtest.CategoriesCRUDTest" name="Update the category name and verify the updated information"><error type="java.lang.NullPointerException"/><system-err>null&#13;
io.restassured.internal.ValidatableResponseOptionsImpl.ifValidationFails(ValidatableResponseOptionsImpl.java:410)&#13;
io.restassured.internal.ValidatableResponseOptionsImpl.ifValidationFails(ValidatableResponseOptionsImpl.java:404)&#13;
io.restassured.internal.ValidatableResponseOptionsImpl.ifValidationFails(ValidatableResponseOptionsImpl.java:400)&#13;
com.bestbuy.steps.CategoriesSteps.updateCategoriesById(CategoriesSteps.java:65)&#13;
com.bestbuy.crudtest.CategoriesCRUDTest.test002(CategoriesCRUDTest.java:39)&#13;
</system-err></testcase><testcase classname="com.bestbuy.crudtest.CategoriesCRUDTest" name="Delete the category and verify if the category is deleted"><error type="java.lang.NullPointerException"/><system-err>null&#13;
io.restassured.internal.ValidatableResponseOptionsImpl.ifValidationFails(ValidatableResponseOptionsImpl.java:410)&#13;
io.restassured.internal.ValidatableResponseOptionsImpl.ifValidationFails(ValidatableResponseOptionsImpl.java:404)&#13;
io.restassured.internal.ValidatableResponseOptionsImpl.ifValidationFails(ValidatableResponseOptionsImpl.java:400)&#13;
com.bestbuy.steps.CategoriesSteps.deleteCategory(CategoriesSteps.java:82)&#13;
com.bestbuy.crudtest.CategoriesCRUDTest.test003(CategoriesCRUDTest.java:47)&#13;
</system-err></testcase></testsuite>