<?xml version="1.0" encoding="UTF-8"?><testsuite errors="0" failures="0" name="com.bestbuy.crudtest.ServicesCRUDTest" skipped="0" tests="3" time="3.88" timestamp="2020-06-10T21:02:03.109+01:00[Europe/London]"><testcase classname="com.bestbuy.crudtest.ServicesCRUDTest" name="This test will create a new services"/><testcase classname="com.bestbuy.crudtest.ServicesCRUDTest" name="Update the services name nd verify the updated information"/><testcase classname="com.bestbuy.crudtest.ServicesCRUDTest" name="Delete the services name and verify the updated information"/></testsuite>